2026-07-09 10:40:45,840 | INFO | Logger is working
2026-07-10 12:37:40,134 | INFO | Dataset loaded successfully from /Users/macbookair/Documents/ml projects for github/house price prediction/data/raw/house_price.csv
2026-07-10 12:37:40,168 | INFO | Dataset information displayed successfully.
2026-07-10 12:38:02,127 | INFO | Dataset loaded successfully from /Users/macbookair/Documents/ml projects for github/house price prediction/data/raw/house_price.csv
2026-07-10 12:38:02,164 | INFO | Dataset information displayed successfully.
2026-07-10 12:38:02,169 | INFO | Missing values checked successfully
2026-07-10 12:38:02,205 | INFO | Missing values handled successfully.
2026-07-10 12:38:28,607 | INFO | Dataset loaded successfully from /Users/macbookair/Documents/ml projects for github/house price prediction/data/raw/house_price.csv
2026-07-10 12:38:28,631 | INFO | Dataset information displayed successfully.
2026-07-10 12:38:28,633 | INFO | Missing values checked successfully
2026-07-10 12:38:28,641 | INFO | Missing values handled successfully.
2026-07-10 12:38:28,649 | INFO | Duplicate rows checked successfully
2026-07-10 12:38:28,654 | INFO | Duplicate rows removed successfully
2026-07-10 12:38:28,715 | INFO | Categorical columns encoded successfully.
2026-07-10 12:38:28,720 | INFO | Processed dataset saved successfully at /Users/macbookair/Documents/ml projects for github/house price prediction/data/processed/processed_house_price.csv
2026-07-10 12:38:28,720 | INFO | 
Processed dataset saved to:
/Users/macbookair/Documents/ml projects for github/house price prediction/data/processed/processed_house_price.csv
2026-07-10 16:38:54,560 | INFO | Dataset loaded successfully from /Users/macbookair/Documents/ml projects for github/house price prediction/data/raw/house_price.csv
2026-07-10 16:38:54,586 | INFO | Dataset information displayed successfully.
2026-07-10 16:38:54,590 | INFO | Missing values checked successfully
2026-07-10 16:38:54,623 | INFO | Missing values handled successfully.
2026-07-10 16:38:54,624 | INFO | Duplicate rows checked successfully
2026-07-10 16:38:54,628 | INFO | Duplicate rows removed successfully
2026-07-10 16:38:54,675 | INFO | Categorical columns encoded successfully.
2026-07-10 16:38:54,680 | INFO | Processed dataset saved successfully at /Users/macbookair/Documents/ml projects for github/house price prediction/data/processed/processed_house_price.csv
2026-07-10 16:38:54,680 | INFO | 
Processed dataset saved to:
/Users/macbookair/Documents/ml projects for github/house price prediction/data/processed/processed_house_price.csv
2026-07-11 09:48:06,639 | INFO | Dataset loaded successfully from /Users/macbookair/Documents/ml projects for github/house price prediction/data/raw/house_price.csv
2026-07-11 09:48:06,678 | INFO | Dataset information displayed successfully.
2026-07-11 09:48:06,682 | INFO | Missing values checked successfully
2026-07-11 09:48:06,693 | INFO | Missing values handled successfully.
2026-07-11 09:48:06,696 | INFO | Duplicate rows checked successfully
2026-07-11 09:48:06,697 | INFO | Duplicate rows removed successfully
2026-07-11 09:48:06,762 | INFO | Categorical columns encoded successfully.
2026-07-11 09:48:06,765 | INFO | Processed dataset saved successfully at /Users/macbookair/Documents/ml projects for github/house price prediction/data/processed/processed_house_price.csv
2026-07-11 09:48:06,765 | INFO | 
Processed dataset saved to:
/Users/macbookair/Documents/ml projects for github/house price prediction/data/processed/processed_house_price.csv
2026-07-11 09:48:06,766 | INFO | SqFtPerBedroom feature created successfully.
2026-07-11 09:48:06,767 | INFO | BathroomPerBedroom feature created successfuuly.
2026-07-11 09:48:06,769 | INFO | TotalRooms feature created successfully.
2026-07-11 09:48:06,776 | INFO | Feature engineered dataset saved successfully at /Users/macbookair/Documents/ml projects for github/house price prediction/data/processed/feature_engineered_house_price.csv
2026-07-13 09:15:32,797 | INFO | Dataset loaded successfully from /Users/macbookair/Documents/ml projects for github/house price prediction/data/raw/house_price.csv
2026-07-13 09:15:32,827 | INFO | Dataset information displayed successfully.
2026-07-13 09:15:32,835 | INFO | Missing values checked successfully
2026-07-13 09:15:32,880 | INFO | Missing values handled successfully.
2026-07-13 09:15:32,890 | INFO | Duplicate rows checked successfully
2026-07-13 09:15:32,892 | INFO | Duplicate rows removed successfully
2026-07-13 09:15:32,942 | INFO | Categorical columns encoded successfully.
2026-07-13 09:15:32,947 | INFO | Processed dataset saved successfully at /Users/macbookair/Documents/ml projects for github/house price prediction/data/processed/processed_house_price.csv
2026-07-13 09:15:32,947 | INFO | 
Processed dataset saved to:
/Users/macbookair/Documents/ml projects for github/house price prediction/data/processed/processed_house_price.csv
2026-07-13 09:15:32,948 | INFO | SqFtPerBedroom feature created successfully.
2026-07-13 09:15:32,949 | INFO | BathroomPerBedroom feature created successfuuly.
2026-07-13 09:15:32,951 | INFO | TotalRooms feature created successfully.
2026-07-13 09:15:32,957 | INFO | Features and target created successfully.
2026-07-13 09:15:32,968 | INFO | Train-test split completed successfully.
2026-07-13 09:15:32,998 | INFO | Linear Regression model trained successfully.
2026-07-13 09:15:33,010 | INFO | Linear Regression evaluated successfully.
2026-07-13 09:15:33,028 | INFO | Decision tree regression model trained successfully.
2026-07-13 09:15:33,050 | INFO | Decision Tree evaluated successfully.
2026-07-13 09:15:33,301 | INFO | Random Forest regression model trained successfully.
2026-07-13 09:15:33,337 | INFO | Random Forest Regressor evaluated successfully.
2026-07-13 09:15:33,341 | INFO | KNN model trained successfully.
2026-07-13 09:15:33,361 | INFO | KNN Regression evaluated successfully.
2026-07-13 09:15:33,362 | INFO | Best model selected: Linear Regression
2026-07-13 09:15:33,384 | INFO | Best model saved successfully at/Users/macbookair/Documents/ml projects for github/house price prediction/models/best_model.pkl
2026-07-13 09:15:33,395 | INFO | Feature engineered dataset saved successfully at /Users/macbookair/Documents/ml projects for github/house price prediction/data/processed/feature_engineered_house_price.csv
2026-07-13 12:47:27,869 | INFO | Dataset loaded successfully from /Users/macbookair/Documents/ml projects for github/house price prediction/data/raw/house_price.csv
2026-07-13 12:47:27,893 | INFO | Dataset information displayed successfully.
2026-07-13 12:47:27,895 | INFO | Missing values checked successfully
2026-07-13 12:47:28,043 | INFO | Missing values handled successfully.
2026-07-13 12:47:28,045 | INFO | Duplicate rows checked successfully
2026-07-13 12:47:28,063 | INFO | Duplicate rows removed successfully
2026-07-13 12:47:28,118 | INFO | Categorical columns encoded successfully.
2026-07-13 12:47:28,124 | INFO | Processed dataset saved successfully at /Users/macbookair/Documents/ml projects for github/house price prediction/data/processed/processed_house_price.csv
2026-07-13 12:47:28,124 | INFO | 
Processed dataset saved to:
/Users/macbookair/Documents/ml projects for github/house price prediction/data/processed/processed_house_price.csv
2026-07-13 12:47:28,125 | INFO | SqFtPerBedroom feature created successfully.
2026-07-13 12:47:28,126 | INFO | BathroomPerBedroom feature created successfuuly.
2026-07-13 12:47:28,127 | INFO | TotalRooms feature created successfully.
2026-07-13 12:47:28,131 | INFO | Features and target created successfully.
2026-07-13 12:47:28,135 | INFO | Train-test split completed successfully.
2026-07-13 12:47:28,143 | INFO | Linear Regression model trained successfully.
2026-07-13 12:47:28,152 | INFO | Linear Regression evaluated successfully.
2026-07-13 12:47:28,161 | INFO | Decision tree regression model trained successfully.
2026-07-13 12:47:28,178 | INFO | Decision Tree evaluated successfully.
2026-07-13 12:47:28,445 | INFO | Random Forest regression model trained successfully.
2026-07-13 12:47:28,474 | INFO | Random Forest Regressor evaluated successfully.
2026-07-13 12:47:28,493 | INFO | KNN model trained successfully.
2026-07-13 12:47:28,507 | INFO | KNN Regression evaluated successfully.
2026-07-13 12:47:28,507 | INFO | Best model selected: Linear Regression
2026-07-13 12:47:28,512 | INFO | Best model saved successfully at/Users/macbookair/Documents/ml projects for github/house price prediction/models/best_model.pkl
2026-07-13 12:47:28,519 | INFO | Feature engineered dataset saved successfully at /Users/macbookair/Documents/ml projects for github/house price prediction/data/processed/feature_engineered_house_price.csv
2026-07-13 13:13:36,602 | INFO | Dataset loaded successfully from /Users/macbookair/Documents/ml projects for github/house price prediction/data/raw/house_price.csv
2026-07-13 13:13:36,609 | INFO | Dataset information displayed successfully.
2026-07-13 13:13:36,613 | INFO | Missing values checked successfully
2026-07-13 13:13:36,629 | INFO | Missing values handled successfully.
2026-07-13 13:13:36,630 | INFO | Duplicate rows checked successfully
2026-07-13 13:13:36,632 | INFO | Duplicate rows removed successfully
2026-07-13 13:13:36,678 | INFO | Categorical columns encoded successfully.
2026-07-13 13:13:36,685 | INFO | Processed dataset saved successfully at /Users/macbookair/Documents/ml projects for github/house price prediction/data/processed/processed_house_price.csv
2026-07-13 13:13:36,685 | INFO | 
Processed dataset saved to:
/Users/macbookair/Documents/ml projects for github/house price prediction/data/processed/processed_house_price.csv
2026-07-13 13:13:36,686 | INFO | SqFtPerBedroom feature created successfully.
2026-07-13 13:13:36,687 | INFO | BathroomPerBedroom feature created successfuuly.
2026-07-13 13:13:36,688 | INFO | TotalRooms feature created successfully.
2026-07-13 13:13:36,689 | INFO | Features and target created successfully.
2026-07-13 13:13:36,692 | INFO | Train-test split completed successfully.
2026-07-13 13:13:36,707 | INFO | Linear Regression model trained successfully.
2026-07-13 13:13:36,713 | INFO | Linear Regression evaluated successfully.
2026-07-13 13:13:36,730 | INFO | Decision tree regression model trained successfully.
2026-07-13 13:13:36,736 | INFO | Decision Tree evaluated successfully.
2026-07-13 13:13:36,925 | INFO | Random Forest regression model trained successfully.
2026-07-13 13:13:36,954 | INFO | Random Forest Regressor evaluated successfully.
2026-07-13 13:13:36,957 | INFO | KNN model trained successfully.
2026-07-13 13:13:37,094 | INFO | KNN Regression evaluated successfully.
2026-07-13 13:13:37,095 | INFO | Best model selected: Linear Regression
2026-07-13 13:13:37,105 | INFO | Best model saved successfully at/Users/macbookair/Documents/ml projects for github/house price prediction/models/best_model.pkl
2026-07-13 13:13:37,108 | INFO | Feature engineered dataset saved successfully at /Users/macbookair/Documents/ml projects for github/house price prediction/data/processed/feature_engineered_house_price.csv
2026-07-13 13:15:22,215 | INFO | Dataset loaded successfully from /Users/macbookair/Documents/ml projects for github/house price prediction/data/raw/house_price.csv
2026-07-13 13:15:22,227 | INFO | Dataset information displayed successfully.
2026-07-13 13:15:22,229 | INFO | Missing values checked successfully
2026-07-13 13:15:22,263 | INFO | Missing values handled successfully.
2026-07-13 13:15:22,265 | INFO | Duplicate rows checked successfully
2026-07-13 13:15:22,266 | INFO | Duplicate rows removed successfully
2026-07-13 13:15:22,306 | INFO | Categorical columns encoded successfully.
2026-07-13 13:15:22,313 | INFO | Processed dataset saved successfully at /Users/macbookair/Documents/ml projects for github/house price prediction/data/processed/processed_house_price.csv
2026-07-13 13:15:22,313 | INFO | 
Processed dataset saved to:
/Users/macbookair/Documents/ml projects for github/house price prediction/data/processed/processed_house_price.csv
2026-07-13 13:15:22,314 | INFO | SqFtPerBedroom feature created successfully.
2026-07-13 13:15:22,315 | INFO | BathroomPerBedroom feature created successfuuly.
2026-07-13 13:15:22,316 | INFO | TotalRooms feature created successfully.
2026-07-13 13:15:22,316 | INFO | Features and target created successfully.
2026-07-13 13:15:22,320 | INFO | Train-test split completed successfully.
2026-07-13 13:15:22,328 | INFO | Linear Regression model trained successfully.
2026-07-13 13:15:22,334 | INFO | Linear Regression evaluated successfully.
2026-07-13 13:15:22,341 | INFO | Decision tree regression model trained successfully.
2026-07-13 13:15:22,348 | INFO | Decision Tree evaluated successfully.
2026-07-13 13:15:22,553 | INFO | Random Forest regression model trained successfully.
2026-07-13 13:15:22,577 | INFO | Random Forest Regressor evaluated successfully.
2026-07-13 13:15:22,581 | INFO | KNN model trained successfully.
2026-07-13 13:15:22,593 | INFO | KNN Regression evaluated successfully.
2026-07-13 13:15:22,594 | INFO | Best model selected: Linear Regression
2026-07-13 13:15:22,606 | INFO | Best model saved successfully at/Users/macbookair/Documents/ml projects for github/house price prediction/models/best_model.pkl
2026-07-13 13:15:22,613 | INFO | Feature engineered dataset saved successfully at /Users/macbookair/Documents/ml projects for github/house price prediction/data/processed/feature_engineered_house_price.csv
2026-07-14 12:14:12,250 | INFO | Dataset loaded successfully from /Users/macbookair/Documents/ml projects for github/house price prediction/data/raw/house_price.csv
2026-07-14 12:14:12,260 | INFO | Dataset information displayed successfully.
2026-07-14 12:14:12,263 | INFO | Missing values checked successfully
2026-07-14 12:14:12,300 | INFO | Missing values handled successfully.
2026-07-14 12:14:12,302 | INFO | Duplicate rows checked successfully
2026-07-14 12:14:12,304 | INFO | Duplicate rows removed successfully
2026-07-14 12:14:12,355 | INFO | Categorical columns encoded successfully.
2026-07-14 12:14:12,360 | INFO | Processed dataset saved successfully at /Users/macbookair/Documents/ml projects for github/house price prediction/data/processed/processed_house_price.csv
2026-07-14 12:14:12,360 | INFO | 
Processed dataset saved to:
/Users/macbookair/Documents/ml projects for github/house price prediction/data/processed/processed_house_price.csv
2026-07-14 12:14:12,362 | INFO | SqFtPerBedroom feature created successfully.
2026-07-14 12:14:12,363 | INFO | BathroomPerBedroom feature created successfuuly.
2026-07-14 12:14:12,364 | INFO | TotalRooms feature created successfully.
2026-07-14 12:14:12,364 | INFO | Features and target created successfully.
2026-07-14 12:14:12,368 | INFO | Train-test split completed successfully.
2026-07-14 12:14:12,379 | INFO | Linear Regression model trained successfully.
2026-07-14 12:14:12,389 | INFO | Linear Regression evaluated successfully.
2026-07-14 12:14:12,401 | INFO | Decision tree regression model trained successfully.
2026-07-14 12:14:12,425 | INFO | Decision Tree evaluated successfully.
2026-07-14 12:14:12,725 | INFO | Random Forest regression model trained successfully.
2026-07-14 12:14:12,757 | INFO | Random Forest Regressor evaluated successfully.
2026-07-14 12:14:12,759 | INFO | KNN model trained successfully.
2026-07-14 12:14:12,775 | INFO | KNN Regression evaluated successfully.
2026-07-14 12:14:12,776 | INFO | Best model selected: Linear Regression
2026-07-14 12:14:12,787 | INFO | Best model saved successfully at /Users/macbookair/Documents/ml projects for github/house price prediction/models/best_model.pkl
2026-07-14 12:14:12,796 | INFO | Feature engineered dataset saved successfully at /Users/macbookair/Documents/ml projects for github/house price prediction/data/processed/feature_engineered_house_price.csv
2026-07-14 12:17:19,915 | INFO | Dataset loaded successfully from /Users/macbookair/Documents/ml projects for github/house price prediction/data/raw/house_price.csv
2026-07-14 12:17:19,928 | INFO | Dataset information displayed successfully.
2026-07-14 12:17:19,930 | INFO | Missing values checked successfully
2026-07-14 12:17:19,945 | INFO | Missing values handled successfully.
2026-07-14 12:17:19,947 | INFO | Duplicate rows checked successfully
2026-07-14 12:17:19,948 | INFO | Duplicate rows removed successfully
2026-07-14 12:17:20,002 | INFO | Categorical columns encoded successfully.
2026-07-14 12:17:20,005 | INFO | Processed dataset saved successfully at /Users/macbookair/Documents/ml projects for github/house price prediction/data/processed/processed_house_price.csv
2026-07-14 12:17:20,005 | INFO | 
Processed dataset saved to:
/Users/macbookair/Documents/ml projects for github/house price prediction/data/processed/processed_house_price.csv
2026-07-14 12:17:20,006 | INFO | SqFtPerBedroom feature created successfully.
2026-07-14 12:17:20,007 | INFO | BathroomPerBedroom feature created successfuuly.
2026-07-14 12:17:20,008 | INFO | TotalRooms feature created successfully.
2026-07-14 12:17:20,009 | INFO | Features and target created successfully.
2026-07-14 12:17:20,013 | INFO | Train-test split completed successfully.
2026-07-14 12:17:20,138 | INFO | Linear Regression model trained successfully.
2026-07-14 12:17:20,148 | INFO | Linear Regression evaluated successfully.
2026-07-14 12:17:20,155 | INFO | Decision tree regression model trained successfully.
2026-07-14 12:17:20,164 | INFO | Decision Tree evaluated successfully.
2026-07-14 12:17:20,399 | INFO | Random Forest regression model trained successfully.
2026-07-14 12:17:20,424 | INFO | Random Forest Regressor evaluated successfully.
2026-07-14 12:17:20,427 | INFO | KNN model trained successfully.
2026-07-14 12:17:20,446 | INFO | KNN Regression evaluated successfully.
2026-07-14 12:17:20,446 | INFO | Best model selected: Linear Regression
2026-07-14 12:17:20,458 | INFO | Best model saved successfully at /Users/macbookair/Documents/ml projects for github/house price prediction/models/best_model.pkl
2026-07-14 12:17:20,466 | INFO | Feature engineered dataset saved successfully at /Users/macbookair/Documents/ml projects for github/house price prediction/data/processed/feature_engineered_house_price.csv
2026-07-14 21:12:57,731 | INFO | Dataset loaded successfully from /Users/macbookair/Documents/ml projects for github/house price prediction/data/raw/house_price.csv
2026-07-14 21:12:57,826 | INFO | Dataset information displayed successfully.
2026-07-14 21:12:57,829 | INFO | Missing values checked successfully
2026-07-14 21:12:57,860 | INFO | Missing values handled successfully.
2026-07-14 21:12:57,864 | INFO | Duplicate rows checked successfully
2026-07-14 21:12:57,866 | INFO | Duplicate rows removed successfully
2026-07-14 21:12:57,927 | INFO | Categorical columns encoded successfully.
2026-07-14 21:12:57,932 | INFO | Processed dataset saved successfully at /Users/macbookair/Documents/ml projects for github/house price prediction/data/processed/processed_house_price.csv
2026-07-14 21:12:57,932 | INFO | 
Processed dataset saved to:
/Users/macbookair/Documents/ml projects for github/house price prediction/data/processed/processed_house_price.csv
2026-07-14 21:12:57,933 | INFO | SqFtPerBedroom feature created successfully.
2026-07-14 21:12:57,937 | INFO | BathroomPerBedroom feature created successfuuly.
2026-07-14 21:12:57,941 | INFO | TotalRooms feature created successfully.
2026-07-14 21:12:57,949 | INFO | Features and target created successfully.
2026-07-14 21:12:57,955 | INFO | Train-test split completed successfully.
2026-07-14 21:12:57,977 | INFO | Linear Regression model trained successfully.
2026-07-14 21:12:57,984 | INFO | Linear Regression evaluated successfully.
2026-07-14 21:12:58,003 | INFO | Decision tree regression model trained successfully.
2026-07-14 21:12:58,017 | INFO | Decision Tree evaluated successfully.
2026-07-14 21:12:58,565 | INFO | Random Forest regression model trained successfully.
2026-07-14 21:12:58,627 | INFO | Random Forest Regressor evaluated successfully.
2026-07-14 21:12:58,633 | INFO | KNN model trained successfully.
2026-07-14 21:12:58,668 | INFO | KNN Regression evaluated successfully.
2026-07-14 21:12:58,668 | INFO | Best model selected: Linear Regression
2026-07-14 21:12:58,683 | INFO | Best model saved successfully at /Users/macbookair/Documents/ml projects for github/house price prediction/models/best_model.pkl
2026-07-15 17:04:24,992 | INFO | Dataset loaded successfully from /Users/macbookair/Documents/ml projects for github/house price prediction/data/raw/house_price.csv
2026-07-15 17:04:25,005 | INFO | Dataset information displayed successfully.
2026-07-15 17:04:25,007 | INFO | Missing values checked successfully
2026-07-15 17:04:25,014 | INFO | Missing values handled successfully.
2026-07-15 17:04:25,021 | INFO | Duplicate rows checked successfully
2026-07-15 17:04:25,022 | INFO | Duplicate rows removed successfully
2026-07-15 17:04:25,063 | INFO | Categorical columns encoded successfully.
2026-07-15 17:04:25,069 | INFO | Processed dataset saved successfully at /Users/macbookair/Documents/ml projects for github/house price prediction/data/processed/processed_house_price.csv
2026-07-15 17:04:25,069 | INFO | 
Processed dataset saved to:
/Users/macbookair/Documents/ml projects for github/house price prediction/data/processed/processed_house_price.csv
2026-07-15 17:04:25,071 | INFO | SqFtPerBedroom feature created successfully.
2026-07-15 17:04:25,072 | INFO | BathroomPerBedroom feature created successfuuly.
2026-07-15 17:04:25,073 | INFO | TotalRooms feature created successfully.
2026-07-15 17:04:25,075 | INFO | Features and target created successfully.
2026-07-15 17:04:25,085 | INFO | Train-test split completed successfully.
2026-07-15 17:04:25,090 | INFO | Linear Regression model trained successfully.
2026-07-15 17:04:25,099 | INFO | Linear Regression evaluated successfully.
2026-07-15 17:04:25,103 | INFO | Decision tree regression model trained successfully.
2026-07-15 17:04:25,110 | INFO | Decision Tree evaluated successfully.
2026-07-15 17:04:25,310 | INFO | Random Forest regression model trained successfully.
2026-07-15 17:04:25,334 | INFO | Random Forest Regressor evaluated successfully.
2026-07-15 17:04:25,337 | INFO | KNN model trained successfully.
2026-07-15 17:04:25,345 | INFO | KNN Regression evaluated successfully.
2026-07-15 17:04:25,346 | INFO | Best model selected: Linear Regression
2026-07-15 17:04:25,359 | INFO | Best model saved successfully at /Users/macbookair/Documents/ml projects for github/house price prediction/models/best_model.pkl
2026-07-15 17:04:25,365 | INFO | Best model loaded successfully.
2026-07-15 17:04:25,366 | INFO | Input dataframe created successfully.
2026-07-15 17:04:25,367 | INFO | SqFtPerBedroom feature created successfully.
2026-07-15 17:04:25,371 | INFO | BathroomPerBedroom feature created successfuuly.
2026-07-15 17:04:25,372 | INFO | TotalRooms feature created successfully.
2026-07-15 17:04:25,373 | INFO | Feature Engineering applied successfully.
2026-07-15 17:04:25,374 | INFO | House price predicted successfully.
2026-07-15 17:04:25,374 | INFO | Prediction is done successfully. 
2026-07-15 17:04:25,381 | INFO | Feature engineered dataset saved successfully at /Users/macbookair/Documents/ml projects for github/house price prediction/data/processed/feature_engineered_house_price.csv
2026-07-15 17:46:15,973 | HousePricePrediction | INFO | Dataset loaded successfully from /Users/macbookair/Documents/ml projects for github/house price prediction/data/raw/house_price.csv
2026-07-15 17:46:15,985 | HousePricePrediction | INFO | Dataset information displayed successfully.
2026-07-15 17:46:15,988 | HousePricePrediction | INFO | Missing values checked successfully
2026-07-15 17:46:15,996 | HousePricePrediction | INFO | Missing values handled successfully.
2026-07-15 17:46:15,999 | HousePricePrediction | INFO | Duplicate rows checked successfully
2026-07-15 17:46:16,000 | HousePricePrediction | INFO | Duplicate rows removed successfully
2026-07-15 17:46:16,052 | HousePricePrediction | INFO | Categorical columns encoded successfully.
2026-07-15 17:46:16,059 | HousePricePrediction | INFO | Processed dataset saved successfully at /Users/macbookair/Documents/ml projects for github/house price prediction/data/processed/processed_house_price.csv
2026-07-15 17:46:16,059 | HousePricePrediction | INFO | 
Processed dataset saved to:
/Users/macbookair/Documents/ml projects for github/house price prediction/data/processed/processed_house_price.csv
2026-07-15 17:46:16,061 | HousePricePrediction | INFO | SqFtPerBedroom feature created successfully.
2026-07-15 17:46:16,061 | HousePricePrediction | INFO | BathroomPerBedroom feature created successfuuly.
2026-07-15 17:46:16,063 | HousePricePrediction | INFO | TotalRooms feature created successfully.
2026-07-15 17:46:16,075 | HousePricePrediction | INFO | Features and target created successfully.
2026-07-15 17:46:16,080 | HousePricePrediction | INFO | Train-test split completed successfully.
2026-07-15 17:46:16,087 | HousePricePrediction | INFO | Linear Regression model trained successfully.
2026-07-15 17:46:16,096 | HousePricePrediction | INFO | Linear Regression evaluated successfully.
2026-07-15 17:46:16,101 | HousePricePrediction | INFO | Decision tree regression model trained successfully.
2026-07-15 17:46:16,110 | HousePricePrediction | INFO | Decision Tree evaluated successfully.
2026-07-15 17:46:16,309 | HousePricePrediction | INFO | Random Forest regression model trained successfully.
2026-07-15 17:46:16,337 | HousePricePrediction | INFO | Random Forest Regressor evaluated successfully.
2026-07-15 17:46:16,340 | HousePricePrediction | INFO | KNN model trained successfully.
2026-07-15 17:46:16,349 | HousePricePrediction | INFO | KNN Regression evaluated successfully.
2026-07-15 17:46:16,351 | HousePricePrediction | INFO | Best model selected: Linear Regression
2026-07-15 17:46:16,363 | HousePricePrediction | INFO | Best model saved successfully at /Users/macbookair/Documents/ml projects for github/house price prediction/models/best_model.pkl
2026-07-15 17:46:16,364 | HousePricePrediction | INFO | Best model loaded successfully.
2026-07-15 17:46:16,367 | HousePricePrediction | INFO | Input dataframe created successfully.
2026-07-15 17:46:16,369 | HousePricePrediction | INFO | SqFtPerBedroom feature created successfully.
2026-07-15 17:46:16,370 | HousePricePrediction | INFO | BathroomPerBedroom feature created successfuuly.
2026-07-15 17:46:16,372 | HousePricePrediction | INFO | TotalRooms feature created successfully.
2026-07-15 17:46:16,373 | HousePricePrediction | INFO | Feature Engineering applied successfully.
2026-07-15 17:46:16,378 | HousePricePrediction | INFO | House price predicted successfully.
2026-07-15 17:46:16,378 | HousePricePrediction | INFO | Prediction is done successfully. 
2026-07-15 17:46:16,384 | HousePricePrediction | INFO | Feature engineered dataset saved successfully at /Users/macbookair/Documents/ml projects for github/house price prediction/data/processed/feature_engineered_house_price.csv
2026-07-15 18:51:04,521 | HousePricePrediction | INFO | Dataset loaded successfully from /Users/macbookair/Documents/ml projects for github/house price prediction/data/raw/house_price.csv
2026-07-15 18:51:04,544 | HousePricePrediction | INFO | Dataset information displayed successfully.
2026-07-15 18:51:04,546 | HousePricePrediction | INFO | Missing values checked successfully
2026-07-15 18:51:04,563 | HousePricePrediction | INFO | Missing values handled successfully.
2026-07-15 18:51:04,566 | HousePricePrediction | INFO | Duplicate rows checked successfully
2026-07-15 18:51:04,571 | HousePricePrediction | INFO | Duplicate rows removed successfully
2026-07-15 18:51:04,617 | HousePricePrediction | INFO | Categorical columns encoded successfully.
2026-07-15 18:51:04,622 | HousePricePrediction | INFO | Processed dataset saved successfully at /Users/macbookair/Documents/ml projects for github/house price prediction/data/processed/processed_house_price.csv
2026-07-15 18:51:04,623 | HousePricePrediction | INFO | 
Processed dataset saved to:
/Users/macbookair/Documents/ml projects for github/house price prediction/data/processed/processed_house_price.csv
2026-07-15 18:51:04,624 | HousePricePrediction | INFO | SqFtPerBedroom feature created successfully.
2026-07-15 18:51:04,625 | HousePricePrediction | INFO | BathroomPerBedroom feature created successfuuly.
2026-07-15 18:51:04,627 | HousePricePrediction | INFO | TotalRooms feature created successfully.
2026-07-15 18:51:04,631 | HousePricePrediction | INFO | Features and target created successfully.
2026-07-15 18:51:04,639 | HousePricePrediction | INFO | Train-test split completed successfully.
2026-07-15 18:51:04,648 | HousePricePrediction | INFO | Linear Regression model trained successfully.
2026-07-15 18:51:04,657 | HousePricePrediction | INFO | Linear Regression evaluated successfully.
2026-07-15 18:51:04,666 | HousePricePrediction | INFO | Decision tree regression model trained successfully.
2026-07-15 18:51:04,691 | HousePricePrediction | INFO | Decision Tree evaluated successfully.
2026-07-15 18:51:04,931 | HousePricePrediction | INFO | Random Forest regression model trained successfully.
2026-07-15 18:51:04,962 | HousePricePrediction | INFO | Random Forest Regressor evaluated successfully.
2026-07-15 18:51:04,973 | HousePricePrediction | INFO | KNN model trained successfully.
2026-07-15 18:51:04,991 | HousePricePrediction | INFO | KNN Regression evaluated successfully.
2026-07-15 18:51:04,992 | HousePricePrediction | INFO | Best model selected: Linear Regression
2026-07-15 18:51:05,007 | HousePricePrediction | INFO | Best model saved successfully at /Users/macbookair/Documents/ml projects for github/house price prediction/models/best_model.pkl
2026-07-15 18:51:05,008 | HousePricePrediction | INFO | Best model loaded successfully.
2026-07-15 18:51:05,012 | HousePricePrediction | INFO | Input dataframe created successfully.
2026-07-15 18:51:05,017 | HousePricePrediction | INFO | SqFtPerBedroom feature created successfully.
2026-07-15 18:51:05,025 | HousePricePrediction | INFO | BathroomPerBedroom feature created successfuuly.
2026-07-15 18:51:05,026 | HousePricePrediction | INFO | TotalRooms feature created successfully.
2026-07-15 18:51:05,027 | HousePricePrediction | INFO | Feature Engineering applied successfully.
2026-07-15 18:51:05,031 | HousePricePrediction | INFO | House price predicted successfully.
2026-07-15 18:51:05,033 | HousePricePrediction | INFO | Prediction is done successfully. 
2026-07-15 18:51:05,042 | HousePricePrediction | INFO | Feature engineered dataset saved successfully at /Users/macbookair/Documents/ml projects for github/house price prediction/data/processed/feature_engineered_house_price.csv
2026-07-15 21:59:27,377 | HousePricePrediction | INFO | Dataset loaded successfully from /Users/macbookair/Documents/ml projects for github/house price prediction/data/raw/house_price.csv
2026-07-15 21:59:27,424 | HousePricePrediction | INFO | Dataset information displayed successfully.
2026-07-15 21:59:27,427 | HousePricePrediction | INFO | Missing values checked successfully
2026-07-15 21:59:27,455 | HousePricePrediction | INFO | Missing values handled successfully.
2026-07-15 21:59:27,457 | HousePricePrediction | INFO | Duplicate rows checked successfully
2026-07-15 21:59:27,459 | HousePricePrediction | INFO | Duplicate rows removed successfully
2026-07-15 21:59:27,500 | HousePricePrediction | INFO | Categorical columns encoded successfully.
2026-07-15 21:59:27,505 | HousePricePrediction | INFO | Processed dataset saved successfully at /Users/macbookair/Documents/ml projects for github/house price prediction/data/processed/processed_house_price.csv
2026-07-15 21:59:27,506 | HousePricePrediction | INFO | 
Processed dataset saved to:
/Users/macbookair/Documents/ml projects for github/house price prediction/data/processed/processed_house_price.csv
2026-07-15 21:59:27,507 | HousePricePrediction | INFO | SqFtPerBedroom feature created successfully.
2026-07-15 21:59:27,512 | HousePricePrediction | INFO | BathroomPerBedroom feature created successfuuly.
2026-07-15 21:59:27,515 | HousePricePrediction | INFO | TotalRooms feature created successfully.
2026-07-15 21:59:27,517 | HousePricePrediction | INFO | Features and target created successfully.
2026-07-15 21:59:27,532 | HousePricePrediction | INFO | Train-test split completed successfully.
2026-07-15 21:59:27,551 | HousePricePrediction | INFO | Linear Regression model trained successfully.
2026-07-15 21:59:27,562 | HousePricePrediction | INFO | Linear Regression evaluated successfully.
2026-07-15 21:59:27,573 | HousePricePrediction | INFO | Decision tree regression model trained successfully.
2026-07-15 21:59:27,583 | HousePricePrediction | INFO | Decision Tree evaluated successfully.
2026-07-15 21:59:27,778 | HousePricePrediction | INFO | Random Forest regression model trained successfully.
2026-07-15 21:59:27,809 | HousePricePrediction | INFO | Random Forest Regressor evaluated successfully.
2026-07-15 21:59:27,816 | HousePricePrediction | INFO | KNN model trained successfully.
2026-07-15 21:59:27,826 | HousePricePrediction | INFO | KNN Regression evaluated successfully.
2026-07-15 21:59:27,827 | HousePricePrediction | INFO | Best model selected: Linear Regression
2026-07-15 21:59:27,835 | HousePricePrediction | INFO | Best model saved successfully at /Users/macbookair/Documents/ml projects for github/house price prediction/models/best_model.pkl
2026-07-15 21:59:27,838 | HousePricePrediction | INFO | Best model loaded successfully.
2026-07-15 21:59:27,840 | HousePricePrediction | INFO | Input dataframe created successfully.
2026-07-15 21:59:27,842 | HousePricePrediction | INFO | SqFtPerBedroom feature created successfully.
2026-07-15 21:59:27,847 | HousePricePrediction | INFO | BathroomPerBedroom feature created successfuuly.
2026-07-15 21:59:27,850 | HousePricePrediction | INFO | TotalRooms feature created successfully.
2026-07-15 21:59:27,850 | HousePricePrediction | INFO | Feature Engineering applied successfully.
2026-07-15 21:59:27,852 | HousePricePrediction | INFO | House price predicted successfully.
2026-07-15 21:59:27,853 | HousePricePrediction | INFO | Prediction is done successfully. 
2026-07-15 21:59:27,862 | HousePricePrediction | INFO | Feature engineered dataset saved successfully at /Users/macbookair/Documents/ml projects for github/house price prediction/data/processed/feature_engineered_house_price.csv
2026-07-16 00:48:03,956 | HousePricePrediction | INFO | Dataset loaded successfully from /Users/macbookair/Documents/ml projects for github/house price prediction/data/raw/house_price.csv
2026-07-16 00:48:03,978 | HousePricePrediction | INFO | Dataset information displayed successfully.
2026-07-16 00:48:03,980 | HousePricePrediction | INFO | Missing values checked successfully
2026-07-16 00:48:03,997 | HousePricePrediction | INFO | Missing values handled successfully.
2026-07-16 00:48:04,002 | HousePricePrediction | INFO | Duplicate rows checked successfully
2026-07-16 00:48:04,006 | HousePricePrediction | INFO | Duplicate rows removed successfully
2026-07-16 00:48:04,055 | HousePricePrediction | INFO | Categorical columns encoded successfully.
2026-07-16 00:48:04,061 | HousePricePrediction | INFO | Processed dataset saved successfully at /Users/macbookair/Documents/ml projects for github/house price prediction/data/processed/processed_house_price.csv
2026-07-16 00:48:04,061 | HousePricePrediction | INFO | 
Processed dataset saved to:
/Users/macbookair/Documents/ml projects for github/house price prediction/data/processed/processed_house_price.csv
2026-07-16 00:48:04,064 | HousePricePrediction | INFO | SqFtPerBedroom feature created successfully.
2026-07-16 00:48:04,066 | HousePricePrediction | INFO | BathroomPerBedroom feature created successfuuly.
2026-07-16 00:48:04,067 | HousePricePrediction | INFO | TotalRooms feature created successfully.
2026-07-16 00:48:04,068 | HousePricePrediction | INFO | Features and target created successfully.
2026-07-16 00:48:04,073 | HousePricePrediction | INFO | Train-test split completed successfully.
2026-07-16 00:48:04,089 | HousePricePrediction | INFO | Linear Regression model trained successfully.
2026-07-16 00:48:04,101 | HousePricePrediction | INFO | Linear Regression evaluated successfully.
2026-07-16 00:48:04,106 | HousePricePrediction | INFO | Decision tree regression model trained successfully.
2026-07-16 00:48:04,117 | HousePricePrediction | INFO | Decision Tree evaluated successfully.
2026-07-16 00:48:04,303 | HousePricePrediction | INFO | Random Forest regression model trained successfully.
2026-07-16 00:48:04,325 | HousePricePrediction | INFO | Random Forest Regressor evaluated successfully.
2026-07-16 00:48:04,334 | HousePricePrediction | INFO | KNN model trained successfully.
2026-07-16 00:48:04,346 | HousePricePrediction | INFO | KNN Regression evaluated successfully.
2026-07-16 00:48:04,347 | HousePricePrediction | INFO | Best model selected: Linear Regression
2026-07-16 00:48:04,350 | HousePricePrediction | INFO | Best model saved successfully at /Users/macbookair/Documents/ml projects for github/house price prediction/models/best_model.pkl
2026-07-16 00:48:04,354 | HousePricePrediction | INFO | Best model loaded successfully.
2026-07-16 00:48:04,355 | HousePricePrediction | INFO | Input dataframe created successfully.
2026-07-16 00:48:04,356 | HousePricePrediction | INFO | SqFtPerBedroom feature created successfully.
2026-07-16 00:48:04,357 | HousePricePrediction | INFO | BathroomPerBedroom feature created successfuuly.
2026-07-16 00:48:04,362 | HousePricePrediction | INFO | TotalRooms feature created successfully.
2026-07-16 00:48:04,362 | HousePricePrediction | INFO | Feature Engineering applied successfully.
2026-07-16 00:48:04,364 | HousePricePrediction | INFO | House price predicted successfully.
2026-07-16 00:48:04,364 | HousePricePrediction | INFO | Prediction is done successfully. 
2026-07-16 00:48:04,371 | HousePricePrediction | INFO | Feature engineered dataset saved successfully at /Users/macbookair/Documents/ml projects for github/house price prediction/data/processed/feature_engineered_house_price.csv
2026-07-16 00:49:19,761 | HousePricePrediction | INFO | Dataset loaded successfully from /Users/macbookair/Documents/ml projects for github/house price prediction/data/raw/house_price.csv
2026-07-16 00:49:19,769 | HousePricePrediction | INFO | Dataset information displayed successfully.
2026-07-16 00:49:19,772 | HousePricePrediction | INFO | Missing values checked successfully
2026-07-16 00:49:19,781 | HousePricePrediction | INFO | Missing values handled successfully.
2026-07-16 00:49:19,782 | HousePricePrediction | INFO | Duplicate rows checked successfully
2026-07-16 00:49:19,785 | HousePricePrediction | INFO | Duplicate rows removed successfully
2026-07-16 00:49:19,822 | HousePricePrediction | INFO | Categorical columns encoded successfully.
2026-07-16 00:49:19,827 | HousePricePrediction | INFO | Processed dataset saved successfully at /Users/macbookair/Documents/ml projects for github/house price prediction/data/processed/processed_house_price.csv
2026-07-16 00:49:19,827 | HousePricePrediction | INFO | 
Processed dataset saved to:
/Users/macbookair/Documents/ml projects for github/house price prediction/data/processed/processed_house_price.csv
2026-07-16 00:49:19,829 | HousePricePrediction | INFO | SqFtPerBedroom feature created successfully.
2026-07-16 00:49:19,831 | HousePricePrediction | INFO | BathroomPerBedroom feature created successfuuly.
2026-07-16 00:49:19,832 | HousePricePrediction | INFO | TotalRooms feature created successfully.
2026-07-16 00:49:19,833 | HousePricePrediction | INFO | Features and target created successfully.
2026-07-16 00:49:19,840 | HousePricePrediction | INFO | Train-test split completed successfully.
2026-07-16 00:49:19,848 | HousePricePrediction | INFO | Linear Regression model trained successfully.
2026-07-16 00:49:19,857 | HousePricePrediction | INFO | Linear Regression evaluated successfully.
2026-07-16 00:49:19,863 | HousePricePrediction | INFO | Decision tree regression model trained successfully.
2026-07-16 00:49:19,879 | HousePricePrediction | INFO | Decision Tree evaluated successfully.
2026-07-16 00:49:20,063 | HousePricePrediction | INFO | Random Forest regression model trained successfully.
2026-07-16 00:49:20,085 | HousePricePrediction | INFO | Random Forest Regressor evaluated successfully.
2026-07-16 00:49:20,090 | HousePricePrediction | INFO | KNN model trained successfully.
2026-07-16 00:49:20,099 | HousePricePrediction | INFO | KNN Regression evaluated successfully.
2026-07-16 00:49:20,100 | HousePricePrediction | INFO | Best model selected: Linear Regression
2026-07-16 00:49:20,109 | HousePricePrediction | INFO | Best model saved successfully at /Users/macbookair/Documents/ml projects for github/house price prediction/models/best_model.pkl
2026-07-16 00:49:20,110 | HousePricePrediction | INFO | Best model loaded successfully.
2026-07-16 00:49:20,111 | HousePricePrediction | INFO | Input dataframe created successfully.
2026-07-16 00:49:20,116 | HousePricePrediction | INFO | SqFtPerBedroom feature created successfully.
2026-07-16 00:49:20,117 | HousePricePrediction | INFO | BathroomPerBedroom feature created successfuuly.
2026-07-16 00:49:20,117 | HousePricePrediction | INFO | TotalRooms feature created successfully.
2026-07-16 00:49:20,117 | HousePricePrediction | INFO | Feature Engineering applied successfully.
2026-07-16 00:49:20,119 | HousePricePrediction | INFO | House price predicted successfully.
2026-07-16 00:49:20,119 | HousePricePrediction | INFO | Prediction is done successfully. 
2026-07-16 00:49:20,125 | HousePricePrediction | INFO | Feature engineered dataset saved successfully at /Users/macbookair/Documents/ml projects for github/house price prediction/data/processed/feature_engineered_house_price.csv
2026-07-16 00:58:58,259 | HousePricePrediction | INFO | Dataset loaded successfully from /Users/macbookair/Documents/ml projects for github/house price prediction/data/raw/house_price.csv
2026-07-16 00:58:58,304 | HousePricePrediction | INFO | Dataset information displayed successfully.
2026-07-16 00:58:58,306 | HousePricePrediction | INFO | Missing values checked successfully
2026-07-16 00:58:58,332 | HousePricePrediction | INFO | Missing values handled successfully.
2026-07-16 00:58:58,336 | HousePricePrediction | INFO | Duplicate rows checked successfully
2026-07-16 00:58:58,338 | HousePricePrediction | INFO | Duplicate rows removed successfully
2026-07-16 00:58:58,381 | HousePricePrediction | INFO | Categorical columns encoded successfully.
2026-07-16 00:58:58,385 | HousePricePrediction | INFO | Processed dataset saved successfully at /Users/macbookair/Documents/ml projects for github/house price prediction/data/processed/processed_house_price.csv
2026-07-16 00:58:58,385 | HousePricePrediction | INFO | 
Processed dataset saved to:
/Users/macbookair/Documents/ml projects for github/house price prediction/data/processed/processed_house_price.csv
2026-07-16 00:58:58,386 | HousePricePrediction | INFO | SqFtPerBedroom feature created successfully.
2026-07-16 00:58:58,390 | HousePricePrediction | INFO | BathroomPerBedroom feature created successfuuly.
2026-07-16 00:58:58,392 | HousePricePrediction | INFO | TotalRooms feature created successfully.
2026-07-16 00:58:58,397 | HousePricePrediction | INFO | Features and target created successfully.
2026-07-16 00:58:58,407 | HousePricePrediction | INFO | Train-test split completed successfully.
2026-07-16 00:58:58,424 | HousePricePrediction | INFO | Linear Regression model trained successfully.
2026-07-16 00:58:58,432 | HousePricePrediction | INFO | Linear Regression evaluated successfully.
2026-07-16 00:58:58,445 | HousePricePrediction | INFO | Decision tree regression model trained successfully.
2026-07-16 00:58:58,452 | HousePricePrediction | INFO | Decision Tree evaluated successfully.
2026-07-16 00:58:58,646 | HousePricePrediction | INFO | Random Forest regression model trained successfully.
2026-07-16 00:58:58,676 | HousePricePrediction | INFO | Random Forest Regressor evaluated successfully.
2026-07-16 00:58:58,691 | HousePricePrediction | INFO | KNN model trained successfully.
2026-07-16 00:58:58,709 | HousePricePrediction | INFO | KNN Regression evaluated successfully.
2026-07-16 00:58:58,712 | HousePricePrediction | INFO | Best model selected: Linear Regression
2026-07-16 00:58:58,723 | HousePricePrediction | INFO | Best model saved successfully at /Users/macbookair/Documents/ml projects for github/house price prediction/models/best_model.pkl
2026-07-16 00:59:01,852 | HousePricePrediction | ERROR | Failed to create feature importance plot.
Traceback (most recent call last):
  File "/Users/macbookair/Documents/ml projects for github/house price prediction/src/feature_importance.py", line 26, in plot
    plt.savefig(save_path)
  File "/Users/macbookair/Documents/ml projects for github/house price prediction/.venv/lib/python3.11/site-packages/matplotlib/pyplot.py", line 1346, in savefig
    res = fig.savefig(fname, **kwargs)  # type: ignore[func-returns-value]
          ^^^^^^^^^^^^^^^^^^^^^^^^^^^^
  File "/Users/macbookair/Documents/ml projects for github/house price prediction/.venv/lib/python3.11/site-packages/matplotlib/figure.py", line 3515, in savefig
    self.canvas.print_figure(fname, **kwargs)
  File "/Users/macbookair/Documents/ml projects for github/house price prediction/.venv/lib/python3.11/site-packages/matplotlib/backend_bases.py", line 2281, in print_figure
    result = print_method(
             ^^^^^^^^^^^^^
  File "/Users/macbookair/Documents/ml projects for github/house price prediction/.venv/lib/python3.11/site-packages/matplotlib/backend_bases.py", line 2138, in <lambda>
    print_method = functools.wraps(meth)(lambda *args, **kwargs: meth(
                                                                 ^^^^^
  File "/Users/macbookair/Documents/ml projects for github/house price prediction/.venv/lib/python3.11/site-packages/matplotlib/backends/backend_agg.py", line 537, in print_png
    self._print_pil(filename_or_obj, "png", pil_kwargs, metadata)
  File "/Users/macbookair/Documents/ml projects for github/house price prediction/.venv/lib/python3.11/site-packages/matplotlib/backends/backend_agg.py", line 486, in _print_pil
    mpl.image.imsave(
  File "/Users/macbookair/Documents/ml projects for github/house price prediction/.venv/lib/python3.11/site-packages/matplotlib/image.py", line 1722, in imsave
    image.save(fname, **pil_kwargs)
  File "/Users/macbookair/Documents/ml projects for github/house price prediction/.venv/lib/python3.11/site-packages/PIL/Image.py", line 2706, in save
    fp = builtins.open(filename, "w+b")
         ^^^^^^^^^^^^^^^^^^^^^^^^^^^^^^
NotADirectoryError: [Errno 20] Not a directory: '/Users/macbookair/Documents/ml projects for github/house price prediction/outputs/figures/feature_importance.png'
2026-07-16 08:26:33,432 | HousePricePrediction | INFO | Dataset loaded successfully from /Users/macbookair/Documents/ml projects for github/house price prediction/data/raw/house_price.csv
2026-07-16 08:26:33,444 | HousePricePrediction | INFO | Dataset information displayed successfully.
2026-07-16 08:26:33,447 | HousePricePrediction | INFO | Missing values checked successfully
2026-07-16 08:26:33,456 | HousePricePrediction | INFO | Missing values handled successfully.
2026-07-16 08:26:33,459 | HousePricePrediction | INFO | Duplicate rows checked successfully
2026-07-16 08:26:33,464 | HousePricePrediction | INFO | Duplicate rows removed successfully
2026-07-16 08:26:33,529 | HousePricePrediction | INFO | Categorical columns encoded successfully.
2026-07-16 08:26:33,537 | HousePricePrediction | INFO | Processed dataset saved successfully at /Users/macbookair/Documents/ml projects for github/house price prediction/data/processed/processed_house_price.csv
2026-07-16 08:26:33,537 | HousePricePrediction | INFO | 
Processed dataset saved to:
/Users/macbookair/Documents/ml projects for github/house price prediction/data/processed/processed_house_price.csv
2026-07-16 08:26:33,539 | HousePricePrediction | INFO | SqFtPerBedroom feature created successfully.
2026-07-16 08:26:33,540 | HousePricePrediction | INFO | BathroomPerBedroom feature created successfuuly.
2026-07-16 08:26:33,543 | HousePricePrediction | INFO | TotalRooms feature created successfully.
2026-07-16 08:26:33,546 | HousePricePrediction | INFO | Features and target created successfully.
2026-07-16 08:26:33,554 | HousePricePrediction | INFO | Train-test split completed successfully.
2026-07-16 08:26:33,564 | HousePricePrediction | INFO | Linear Regression model trained successfully.
2026-07-16 08:26:33,575 | HousePricePrediction | INFO | Linear Regression evaluated successfully.
2026-07-16 08:26:33,585 | HousePricePrediction | INFO | Decision tree regression model trained successfully.
2026-07-16 08:26:33,596 | HousePricePrediction | INFO | Decision Tree evaluated successfully.
2026-07-16 08:26:33,908 | HousePricePrediction | INFO | Random Forest regression model trained successfully.
2026-07-16 08:26:33,935 | HousePricePrediction | INFO | Random Forest Regressor evaluated successfully.
2026-07-16 08:26:33,939 | HousePricePrediction | INFO | KNN model trained successfully.
2026-07-16 08:26:33,952 | HousePricePrediction | INFO | KNN Regression evaluated successfully.
2026-07-16 08:26:33,953 | HousePricePrediction | INFO | Best model selected: Linear Regression
2026-07-16 08:26:33,960 | HousePricePrediction | INFO | Best model saved successfully at /Users/macbookair/Documents/ml projects for github/house price prediction/models/best_model.pkl
2026-07-16 08:26:34,954 | HousePricePrediction | INFO | Feature Importance plot saved at /Users/macbookair/Documents/ml projects for github/house price prediction/outputs/figures/feature_importance.png
2026-07-16 08:26:34,956 | HousePricePrediction | INFO | Best model loaded successfully.
2026-07-16 08:26:34,959 | HousePricePrediction | INFO | Input dataframe created successfully.
2026-07-16 08:26:34,966 | HousePricePrediction | INFO | SqFtPerBedroom feature created successfully.
2026-07-16 08:26:34,970 | HousePricePrediction | INFO | BathroomPerBedroom feature created successfuuly.
2026-07-16 08:26:34,971 | HousePricePrediction | INFO | TotalRooms feature created successfully.
2026-07-16 08:26:34,972 | HousePricePrediction | INFO | Feature Engineering applied successfully.
2026-07-16 08:26:34,984 | HousePricePrediction | INFO | House price predicted successfully.
2026-07-16 08:26:34,984 | HousePricePrediction | INFO | Prediction is done successfully. 
2026-07-16 08:26:34,993 | HousePricePrediction | INFO | Feature engineered dataset saved successfully at /Users/macbookair/Documents/ml projects for github/house price prediction/data/processed/feature_engineered_house_price.csv
2026-07-16 08:43:38,862 | HousePricePrediction | INFO | Dataset loaded successfully from /Users/macbookair/Documents/ml projects for github/house price prediction/data/raw/house_price.csv
2026-07-16 08:43:38,894 | HousePricePrediction | INFO | Dataset information displayed successfully.
2026-07-16 08:43:38,899 | HousePricePrediction | INFO | Missing values checked successfully
2026-07-16 08:43:38,926 | HousePricePrediction | INFO | Missing values handled successfully.
2026-07-16 08:43:38,936 | HousePricePrediction | INFO | Duplicate rows checked successfully
2026-07-16 08:43:38,939 | HousePricePrediction | INFO | Duplicate rows removed successfully
2026-07-16 08:43:39,001 | HousePricePrediction | INFO | Categorical columns encoded successfully.
2026-07-16 08:43:39,006 | HousePricePrediction | INFO | Processed dataset saved successfully at /Users/macbookair/Documents/ml projects for github/house price prediction/data/processed/processed_house_price.csv
2026-07-16 08:43:39,006 | HousePricePrediction | INFO | 
Processed dataset saved to:
/Users/macbookair/Documents/ml projects for github/house price prediction/data/processed/processed_house_price.csv
2026-07-16 08:43:39,015 | HousePricePrediction | INFO | SqFtPerBedroom feature created successfully.
2026-07-16 08:43:39,017 | HousePricePrediction | INFO | BathroomPerBedroom feature created successfuuly.
2026-07-16 08:43:39,018 | HousePricePrediction | INFO | TotalRooms feature created successfully.
2026-07-16 08:43:39,024 | HousePricePrediction | INFO | Features and target created successfully.
2026-07-16 08:43:39,032 | HousePricePrediction | INFO | Train-test split completed successfully.
2026-07-16 08:43:39,043 | HousePricePrediction | INFO | Linear Regression model trained successfully.
2026-07-16 08:43:39,061 | HousePricePrediction | INFO | Linear Regression evaluated successfully.
2026-07-16 08:43:39,071 | HousePricePrediction | INFO | Decision tree regression model trained successfully.
2026-07-16 08:43:39,213 | HousePricePrediction | INFO | Decision Tree evaluated successfully.
2026-07-16 08:43:39,461 | HousePricePrediction | INFO | Random Forest regression model trained successfully.
2026-07-16 08:43:39,589 | HousePricePrediction | INFO | Random Forest Regressor evaluated successfully.
2026-07-16 08:43:39,593 | HousePricePrediction | INFO | KNN model trained successfully.
2026-07-16 08:43:39,600 | HousePricePrediction | INFO | KNN Regression evaluated successfully.
2026-07-16 08:43:39,600 | HousePricePrediction | INFO | Best model selected: Linear Regression
2026-07-16 08:43:39,603 | HousePricePrediction | INFO | Best model saved successfully at /Users/macbookair/Documents/ml projects for github/house price prediction/models/best_model.pkl
2026-07-16 08:43:40,488 | HousePricePrediction | INFO | Feature Importance plot saved at /Users/macbookair/Documents/ml projects for github/house price prediction/outputs/figures/feature_importance.png
2026-07-16 08:43:40,490 | HousePricePrediction | INFO | Best model loaded successfully.
2026-07-16 08:43:40,491 | HousePricePrediction | INFO | Input dataframe created successfully.
2026-07-16 08:43:40,492 | HousePricePrediction | INFO | SqFtPerBedroom feature created successfully.
2026-07-16 08:43:40,493 | HousePricePrediction | INFO | BathroomPerBedroom feature created successfuuly.
2026-07-16 08:43:40,493 | HousePricePrediction | INFO | TotalRooms feature created successfully.
2026-07-16 08:43:40,493 | HousePricePrediction | INFO | Feature Engineering applied successfully.
2026-07-16 08:43:40,495 | HousePricePrediction | INFO | House price predicted successfully.
2026-07-16 08:43:40,495 | HousePricePrediction | INFO | Prediction is done successfully. 
2026-07-16 08:43:40,502 | HousePricePrediction | INFO | Feature engineered dataset saved successfully at /Users/macbookair/Documents/ml projects for github/house price prediction/data/processed/feature_engineered_house_price.csv
2026-07-16 10:41:55,075 | HousePricePrediction | INFO | Dataset loaded successfully from /Users/macbookair/Documents/ml projects for github/house price prediction/data/raw/house_price.csv
2026-07-16 10:41:55,137 | HousePricePrediction | INFO | Dataset information displayed successfully.
2026-07-16 10:41:55,200 | HousePricePrediction | INFO | Missing values checked successfully
2026-07-16 10:41:55,311 | HousePricePrediction | INFO | Missing values handled successfully.
2026-07-16 10:41:55,333 | HousePricePrediction | INFO | Duplicate rows checked successfully
2026-07-16 10:41:55,355 | HousePricePrediction | INFO | Duplicate rows removed successfully
2026-07-16 10:41:55,476 | HousePricePrediction | INFO | Categorical columns encoded successfully.
2026-07-16 10:41:55,498 | HousePricePrediction | INFO | Processed dataset saved successfully at /Users/macbookair/Documents/ml projects for github/house price prediction/data/processed/processed_house_price.csv
2026-07-16 10:41:55,498 | HousePricePrediction | INFO | 
Processed dataset saved to:
/Users/macbookair/Documents/ml projects for github/house price prediction/data/processed/processed_house_price.csv
2026-07-16 10:41:55,501 | HousePricePrediction | INFO | SqFtPerBedroom feature created successfully.
2026-07-16 10:41:55,509 | HousePricePrediction | INFO | BathroomPerBedroom feature created successfuuly.
2026-07-16 10:41:55,512 | HousePricePrediction | INFO | TotalRooms feature created successfully.
2026-07-16 10:41:55,556 | HousePricePrediction | INFO | Features and target created successfully.
2026-07-16 10:41:55,589 | HousePricePrediction | INFO | Train-test split completed successfully.
2026-07-16 10:41:55,647 | HousePricePrediction | INFO | Linear Regression model trained successfully.
2026-07-16 10:41:55,665 | HousePricePrediction | INFO | Linear Regression evaluated successfully.
2026-07-16 10:41:55,696 | HousePricePrediction | INFO | Decision tree regression model trained successfully.
2026-07-16 10:41:55,738 | HousePricePrediction | INFO | Decision Tree evaluated successfully.
2026-07-16 10:41:56,514 | HousePricePrediction | INFO | Random Forest regression model trained successfully.
2026-07-16 10:41:56,607 | HousePricePrediction | INFO | Random Forest Regressor evaluated successfully.
2026-07-16 10:41:56,653 | HousePricePrediction | INFO | KNN model trained successfully.
2026-07-16 10:41:56,693 | HousePricePrediction | INFO | KNN Regression evaluated successfully.
2026-07-16 10:41:56,694 | HousePricePrediction | INFO | Best model selected: Linear Regression
2026-07-16 10:41:56,710 | HousePricePrediction | INFO | Best model saved successfully at /Users/macbookair/Documents/ml projects for github/house price prediction/models/best_model.pkl
2026-07-16 10:41:57,731 | HousePricePrediction | ERROR | Failed to create Actual vs Predicted plot.
Traceback (most recent call last):
  File "/Users/macbookair/Documents/ml projects for github/house price prediction/src/model_visualizer.py", line 23, in actual_vs_prediction
    plt.plot(
  File "/Users/macbookair/Documents/ml projects for github/house price prediction/.venv/lib/python3.11/site-packages/matplotlib/pyplot.py", line 4043, in plot
    return gca().plot(
           ^^^^^^^^^^^
  File "/Users/macbookair/Documents/ml projects for github/house price prediction/.venv/lib/python3.11/site-packages/matplotlib/axes/_axes.py", line 1792, in plot
    lines = [*self._get_lines(self, *args, data=data, **kwargs)]
            ^^^^^^^^^^^^^^^^^^^^^^^^^^^^^^^^^^^^^^^^^^^^^^^^^^^^
  File "/Users/macbookair/Documents/ml projects for github/house price prediction/.venv/lib/python3.11/site-packages/matplotlib/axes/_base.py", line 331, in __call__
    yield from self._plot_args(
               ^^^^^^^^^^^^^^^^
  File "/Users/macbookair/Documents/ml projects for github/house price prediction/.venv/lib/python3.11/site-packages/matplotlib/axes/_base.py", line 554, in _plot_args
    return [l[0] for l in result]
           ^^^^^^^^^^^^^^^^^^^^^^
  File "/Users/macbookair/Documents/ml projects for github/house price prediction/.venv/lib/python3.11/site-packages/matplotlib/axes/_base.py", line 554, in <listcomp>
    return [l[0] for l in result]
           ^^^^^^^^^^^^^^^^^^^^^^
  File "/Users/macbookair/Documents/ml projects for github/house price prediction/.venv/lib/python3.11/site-packages/matplotlib/axes/_base.py", line 547, in <genexpr>
    result = (make_artist(axes, x[:, j % ncx], y[:, j % ncy], kw,
              ^^^^^^^^^^^^^^^^^^^^^^^^^^^^^^^^^^^^^^^^^^^^^^^^^^^
  File "/Users/macbookair/Documents/ml projects for github/house price prediction/.venv/lib/python3.11/site-packages/matplotlib/axes/_base.py", line 353, in _make_line
    seg = mlines.Line2D(x, y, **kw)
          ^^^^^^^^^^^^^^^^^^^^^^^^^
  File "/Users/macbookair/Documents/ml projects for github/house price prediction/.venv/lib/python3.11/site-packages/matplotlib/lines.py", line 409, in __init__
    self._internal_update(kwargs)
  File "/Users/macbookair/Documents/ml projects for github/house price prediction/.venv/lib/python3.11/site-packages/matplotlib/artist.py", line 1313, in _internal_update
    return self._update_props(
           ^^^^^^^^^^^^^^^^^^^
  File "/Users/macbookair/Documents/ml projects for github/house price prediction/.venv/lib/python3.11/site-packages/matplotlib/artist.py", line 1271, in _update_props
    raise AttributeError(
AttributeError: Line2D.set() got an unexpected keyword argument 'linewideth'
2026-07-16 10:47:45,332 | HousePricePrediction | INFO | Dataset loaded successfully from /Users/macbookair/Documents/ml projects for github/house price prediction/data/raw/house_price.csv
2026-07-16 10:47:45,342 | HousePricePrediction | INFO | Dataset information displayed successfully.
2026-07-16 10:47:45,344 | HousePricePrediction | INFO | Missing values checked successfully
2026-07-16 10:47:45,352 | HousePricePrediction | INFO | Missing values handled successfully.
2026-07-16 10:47:45,355 | HousePricePrediction | INFO | Duplicate rows checked successfully
2026-07-16 10:47:45,357 | HousePricePrediction | INFO | Duplicate rows removed successfully
2026-07-16 10:47:45,415 | HousePricePrediction | INFO | Categorical columns encoded successfully.
2026-07-16 10:47:45,421 | HousePricePrediction | INFO | Processed dataset saved successfully at /Users/macbookair/Documents/ml projects for github/house price prediction/data/processed/processed_house_price.csv
2026-07-16 10:47:45,421 | HousePricePrediction | INFO | 
Processed dataset saved to:
/Users/macbookair/Documents/ml projects for github/house price prediction/data/processed/processed_house_price.csv
2026-07-16 10:47:45,423 | HousePricePrediction | INFO | SqFtPerBedroom feature created successfully.
2026-07-16 10:47:45,425 | HousePricePrediction | INFO | BathroomPerBedroom feature created successfuuly.
2026-07-16 10:47:45,427 | HousePricePrediction | INFO | TotalRooms feature created successfully.
2026-07-16 10:47:45,429 | HousePricePrediction | INFO | Features and target created successfully.
2026-07-16 10:47:45,436 | HousePricePrediction | INFO | Train-test split completed successfully.
2026-07-16 10:47:45,454 | HousePricePrediction | INFO | Linear Regression model trained successfully.
2026-07-16 10:47:45,464 | HousePricePrediction | INFO | Linear Regression evaluated successfully.
2026-07-16 10:47:45,470 | HousePricePrediction | INFO | Decision tree regression model trained successfully.
2026-07-16 10:47:45,480 | HousePricePrediction | INFO | Decision Tree evaluated successfully.
2026-07-16 10:47:45,915 | HousePricePrediction | INFO | Random Forest regression model trained successfully.
2026-07-16 10:47:45,939 | HousePricePrediction | INFO | Random Forest Regressor evaluated successfully.
2026-07-16 10:47:45,946 | HousePricePrediction | INFO | KNN model trained successfully.
2026-07-16 10:47:45,958 | HousePricePrediction | INFO | KNN Regression evaluated successfully.
2026-07-16 10:47:45,959 | HousePricePrediction | INFO | Best model selected: Linear Regression
2026-07-16 10:47:45,963 | HousePricePrediction | INFO | Best model saved successfully at /Users/macbookair/Documents/ml projects for github/house price prediction/models/best_model.pkl
2026-07-16 10:47:46,313 | HousePricePrediction | ERROR | Failed to create Actual vs Predicted plot.
Traceback (most recent call last):
  File "/Users/macbookair/Documents/ml projects for github/house price prediction/src/model_visualizer.py", line 23, in actual_vs_prediction
    plt.plot(
  File "/Users/macbookair/Documents/ml projects for github/house price prediction/.venv/lib/python3.11/site-packages/matplotlib/pyplot.py", line 4043, in plot
    return gca().plot(
           ^^^^^^^^^^^
  File "/Users/macbookair/Documents/ml projects for github/house price prediction/.venv/lib/python3.11/site-packages/matplotlib/axes/_axes.py", line 1792, in plot
    lines = [*self._get_lines(self, *args, data=data, **kwargs)]
            ^^^^^^^^^^^^^^^^^^^^^^^^^^^^^^^^^^^^^^^^^^^^^^^^^^^^
  File "/Users/macbookair/Documents/ml projects for github/house price prediction/.venv/lib/python3.11/site-packages/matplotlib/axes/_base.py", line 331, in __call__
    yield from self._plot_args(
               ^^^^^^^^^^^^^^^^
  File "/Users/macbookair/Documents/ml projects for github/house price prediction/.venv/lib/python3.11/site-packages/matplotlib/axes/_base.py", line 554, in _plot_args
    return [l[0] for l in result]
           ^^^^^^^^^^^^^^^^^^^^^^
  File "/Users/macbookair/Documents/ml projects for github/house price prediction/.venv/lib/python3.11/site-packages/matplotlib/axes/_base.py", line 554, in <listcomp>
    return [l[0] for l in result]
           ^^^^^^^^^^^^^^^^^^^^^^
  File "/Users/macbookair/Documents/ml projects for github/house price prediction/.venv/lib/python3.11/site-packages/matplotlib/axes/_base.py", line 547, in <genexpr>
    result = (make_artist(axes, x[:, j % ncx], y[:, j % ncy], kw,
              ^^^^^^^^^^^^^^^^^^^^^^^^^^^^^^^^^^^^^^^^^^^^^^^^^^^
  File "/Users/macbookair/Documents/ml projects for github/house price prediction/.venv/lib/python3.11/site-packages/matplotlib/axes/_base.py", line 353, in _make_line
    seg = mlines.Line2D(x, y, **kw)
          ^^^^^^^^^^^^^^^^^^^^^^^^^
  File "/Users/macbookair/Documents/ml projects for github/house price prediction/.venv/lib/python3.11/site-packages/matplotlib/lines.py", line 409, in __init__
    self._internal_update(kwargs)
  File "/Users/macbookair/Documents/ml projects for github/house price prediction/.venv/lib/python3.11/site-packages/matplotlib/artist.py", line 1313, in _internal_update
    return self._update_props(
           ^^^^^^^^^^^^^^^^^^^
  File "/Users/macbookair/Documents/ml projects for github/house price prediction/.venv/lib/python3.11/site-packages/matplotlib/artist.py", line 1271, in _update_props
    raise AttributeError(
AttributeError: Line2D.set() got an unexpected keyword argument 'linewideth'
2026-07-16 10:48:27,849 | HousePricePrediction | INFO | Dataset loaded successfully from /Users/macbookair/Documents/ml projects for github/house price prediction/data/raw/house_price.csv
2026-07-16 10:48:27,868 | HousePricePrediction | INFO | Dataset information displayed successfully.
2026-07-16 10:48:27,872 | HousePricePrediction | INFO | Missing values checked successfully
2026-07-16 10:48:27,887 | HousePricePrediction | INFO | Missing values handled successfully.
2026-07-16 10:48:27,895 | HousePricePrediction | INFO | Duplicate rows checked successfully
2026-07-16 10:48:27,902 | HousePricePrediction | INFO | Duplicate rows removed successfully
2026-07-16 10:48:27,964 | HousePricePrediction | INFO | Categorical columns encoded successfully.
2026-07-16 10:48:27,969 | HousePricePrediction | INFO | Processed dataset saved successfully at /Users/macbookair/Documents/ml projects for github/house price prediction/data/processed/processed_house_price.csv
2026-07-16 10:48:27,969 | HousePricePrediction | INFO | 
Processed dataset saved to:
/Users/macbookair/Documents/ml projects for github/house price prediction/data/processed/processed_house_price.csv
2026-07-16 10:48:27,973 | HousePricePrediction | INFO | SqFtPerBedroom feature created successfully.
2026-07-16 10:48:27,975 | HousePricePrediction | INFO | BathroomPerBedroom feature created successfuuly.
2026-07-16 10:48:27,977 | HousePricePrediction | INFO | TotalRooms feature created successfully.
2026-07-16 10:48:27,983 | HousePricePrediction | INFO | Features and target created successfully.
2026-07-16 10:48:27,992 | HousePricePrediction | INFO | Train-test split completed successfully.
2026-07-16 10:48:28,027 | HousePricePrediction | INFO | Linear Regression model trained successfully.
2026-07-16 10:48:28,048 | HousePricePrediction | INFO | Linear Regression evaluated successfully.
2026-07-16 10:48:28,057 | HousePricePrediction | INFO | Decision tree regression model trained successfully.
2026-07-16 10:48:28,076 | HousePricePrediction | INFO | Decision Tree evaluated successfully.
2026-07-16 10:48:28,271 | HousePricePrediction | INFO | Random Forest regression model trained successfully.
2026-07-16 10:48:28,293 | HousePricePrediction | INFO | Random Forest Regressor evaluated successfully.
2026-07-16 10:48:28,304 | HousePricePrediction | INFO | KNN model trained successfully.
2026-07-16 10:48:28,318 | HousePricePrediction | INFO | KNN Regression evaluated successfully.
2026-07-16 10:48:28,319 | HousePricePrediction | INFO | Best model selected: Linear Regression
2026-07-16 10:48:28,322 | HousePricePrediction | INFO | Best model saved successfully at /Users/macbookair/Documents/ml projects for github/house price prediction/models/best_model.pkl
2026-07-16 10:48:29,080 | HousePricePrediction | INFO | Actual vs Predicted plot saved at /Users/macbookair/Documents/ml projects for github/house price prediction/outputs/figures/actual_vs_predicted.png
2026-07-16 10:48:29,596 | HousePricePrediction | INFO | Feature Importance plot saved at /Users/macbookair/Documents/ml projects for github/house price prediction/outputs/figures/feature_importance.png
2026-07-16 10:48:29,599 | HousePricePrediction | INFO | Best model loaded successfully.
2026-07-16 10:48:29,603 | HousePricePrediction | INFO | Input dataframe created successfully.
2026-07-16 10:48:29,605 | HousePricePrediction | INFO | SqFtPerBedroom feature created successfully.
2026-07-16 10:48:29,606 | HousePricePrediction | INFO | BathroomPerBedroom feature created successfuuly.
2026-07-16 10:48:29,607 | HousePricePrediction | INFO | TotalRooms feature created successfully.
2026-07-16 10:48:29,607 | HousePricePrediction | INFO | Feature Engineering applied successfully.
2026-07-16 10:48:29,610 | HousePricePrediction | INFO | House price predicted successfully.
2026-07-16 10:48:29,610 | HousePricePrediction | INFO | Prediction is done successfully. 
2026-07-16 10:48:29,618 | HousePricePrediction | INFO | Feature engineered dataset saved successfully at /Users/macbookair/Documents/ml projects for github/house price prediction/data/processed/feature_engineered_house_price.csv
2026-07-16 11:16:52,222 | HousePricePrediction | INFO | Dataset loaded successfully from /Users/macbookair/Documents/ml projects for github/house price prediction/data/raw/house_price.csv
2026-07-16 11:16:52,239 | HousePricePrediction | INFO | Dataset information displayed successfully.
2026-07-16 11:16:52,241 | HousePricePrediction | INFO | Missing values checked successfully
2026-07-16 11:16:52,265 | HousePricePrediction | INFO | Missing values handled successfully.
2026-07-16 11:16:52,274 | HousePricePrediction | INFO | Duplicate rows checked successfully
2026-07-16 11:16:52,282 | HousePricePrediction | INFO | Duplicate rows removed successfully
2026-07-16 11:16:52,337 | HousePricePrediction | INFO | Categorical columns encoded successfully.
2026-07-16 11:16:52,343 | HousePricePrediction | INFO | Processed dataset saved successfully at /Users/macbookair/Documents/ml projects for github/house price prediction/data/processed/processed_house_price.csv
2026-07-16 11:16:52,343 | HousePricePrediction | INFO | 
Processed dataset saved to:
/Users/macbookair/Documents/ml projects for github/house price prediction/data/processed/processed_house_price.csv
2026-07-16 11:16:52,346 | HousePricePrediction | INFO | SqFtPerBedroom feature created successfully.
2026-07-16 11:16:52,347 | HousePricePrediction | INFO | BathroomPerBedroom feature created successfuuly.
2026-07-16 11:16:52,348 | HousePricePrediction | INFO | TotalRooms feature created successfully.
2026-07-16 11:16:52,349 | HousePricePrediction | INFO | Features and target created successfully.
2026-07-16 11:16:52,357 | HousePricePrediction | INFO | Train-test split completed successfully.
2026-07-16 11:16:52,373 | HousePricePrediction | INFO | Linear Regression model trained successfully.
2026-07-16 11:16:52,382 | HousePricePrediction | INFO | Linear Regression evaluated successfully.
2026-07-16 11:16:52,392 | HousePricePrediction | INFO | Decision tree regression model trained successfully.
2026-07-16 11:16:52,403 | HousePricePrediction | INFO | Decision Tree evaluated successfully.
2026-07-16 11:16:52,745 | HousePricePrediction | INFO | Random Forest regression model trained successfully.
2026-07-16 11:16:52,806 | HousePricePrediction | INFO | Random Forest Regressor evaluated successfully.
2026-07-16 11:16:52,824 | HousePricePrediction | INFO | KNN model trained successfully.
2026-07-16 11:16:52,854 | HousePricePrediction | INFO | KNN Regression evaluated successfully.
2026-07-16 11:16:52,855 | HousePricePrediction | INFO | Best model selected: Linear Regression
2026-07-16 11:16:52,859 | HousePricePrediction | INFO | Best model saved successfully at /Users/macbookair/Documents/ml projects for github/house price prediction/models/best_model.pkl
2026-07-16 11:16:53,733 | HousePricePrediction | INFO | Actual vs Predicted plot saved at /Users/macbookair/Documents/ml projects for github/house price prediction/outputs/figures/actual_vs_predicted.png
2026-07-16 11:16:54,177 | HousePricePrediction | INFO | Residual plot saved at /Users/macbookair/Documents/ml projects for github/house price prediction/outputs/figures/residual_plot.png
2026-07-16 11:16:54,661 | HousePricePrediction | INFO | Feature Importance plot saved at /Users/macbookair/Documents/ml projects for github/house price prediction/outputs/figures/feature_importance.png
2026-07-16 11:16:54,663 | HousePricePrediction | INFO | Best model loaded successfully.
2026-07-16 11:16:54,665 | HousePricePrediction | INFO | Input dataframe created successfully.
2026-07-16 11:16:54,667 | HousePricePrediction | INFO | SqFtPerBedroom feature created successfully.
2026-07-16 11:16:54,670 | HousePricePrediction | INFO | BathroomPerBedroom feature created successfuuly.
2026-07-16 11:16:54,672 | HousePricePrediction | INFO | TotalRooms feature created successfully.
2026-07-16 11:16:54,672 | HousePricePrediction | INFO | Feature Engineering applied successfully.
2026-07-16 11:16:54,678 | HousePricePrediction | INFO | House price predicted successfully.
2026-07-16 11:16:54,679 | HousePricePrediction | INFO | Prediction is done successfully. 
2026-07-16 11:16:54,695 | HousePricePrediction | INFO | Feature engineered dataset saved successfully at /Users/macbookair/Documents/ml projects for github/house price prediction/data/processed/feature_engineered_house_price.csv
2026-07-16 15:14:10,052 | HousePricePrediction | INFO | Dataset loaded successfully from /Users/macbookair/Documents/ml projects for github/house price prediction/data/raw/house_price.csv
2026-07-16 15:14:10,087 | HousePricePrediction | INFO | Dataset information displayed successfully.
2026-07-16 15:14:10,089 | HousePricePrediction | INFO | Missing values checked successfully
2026-07-16 15:14:10,113 | HousePricePrediction | INFO | Missing values handled successfully.
2026-07-16 15:14:10,122 | HousePricePrediction | INFO | Duplicate rows checked successfully
2026-07-16 15:14:10,124 | HousePricePrediction | INFO | Duplicate rows removed successfully
2026-07-16 15:14:10,170 | HousePricePrediction | INFO | Categorical columns encoded successfully.
2026-07-16 15:14:10,175 | HousePricePrediction | INFO | Processed dataset saved successfully at /Users/macbookair/Documents/ml projects for github/house price prediction/data/processed/processed_house_price.csv
2026-07-16 15:14:10,176 | HousePricePrediction | INFO | 
Processed dataset saved to:
/Users/macbookair/Documents/ml projects for github/house price prediction/data/processed/processed_house_price.csv
2026-07-16 15:14:10,178 | HousePricePrediction | INFO | SqFtPerBedroom feature created successfully.
2026-07-16 15:14:10,179 | HousePricePrediction | INFO | BathroomPerBedroom feature created successfuuly.
2026-07-16 15:14:10,180 | HousePricePrediction | INFO | TotalRooms feature created successfully.
2026-07-16 15:14:10,182 | HousePricePrediction | INFO | Features and target created successfully.
2026-07-16 15:14:10,194 | HousePricePrediction | INFO | Train-test split completed successfully.
2026-07-16 15:14:10,212 | HousePricePrediction | INFO | Linear Regression model trained successfully.
2026-07-16 15:14:10,222 | HousePricePrediction | INFO | Linear Regression evaluated successfully.
2026-07-16 15:14:10,248 | HousePricePrediction | INFO | Decision tree regression model trained successfully.
2026-07-16 15:14:10,256 | HousePricePrediction | INFO | Decision Tree evaluated successfully.
2026-07-16 15:14:10,486 | HousePricePrediction | INFO | Random Forest regression model trained successfully.
2026-07-16 15:14:10,506 | HousePricePrediction | INFO | Random Forest Regressor evaluated successfully.
2026-07-16 15:14:10,517 | HousePricePrediction | INFO | KNN model trained successfully.
2026-07-16 15:14:10,524 | HousePricePrediction | INFO | KNN Regression evaluated successfully.
2026-07-16 15:14:10,525 | HousePricePrediction | INFO | Best model selected: Linear Regression
2026-07-16 15:14:10,533 | HousePricePrediction | INFO | Best model saved successfully at /Users/macbookair/Documents/ml projects for github/house price prediction/models/best_model.pkl
2026-07-16 15:14:11,862 | HousePricePrediction | INFO | Actual vs Predicted plot saved at /Users/macbookair/Documents/ml projects for github/house price prediction/outputs/figures/actual_vs_predicted.png
2026-07-16 15:14:13,197 | HousePricePrediction | INFO | Residual plot saved at /Users/macbookair/Documents/ml projects for github/house price prediction/outputs/figures/residual_plot.png
2026-07-16 15:18:00,466 | HousePricePrediction | INFO | Dataset loaded successfully from /Users/macbookair/Documents/ml projects for github/house price prediction/data/raw/house_price.csv
2026-07-16 15:18:00,494 | HousePricePrediction | INFO | Dataset information displayed successfully.
2026-07-16 15:18:00,496 | HousePricePrediction | INFO | Missing values checked successfully
2026-07-16 15:18:00,517 | HousePricePrediction | INFO | Missing values handled successfully.
2026-07-16 15:18:00,521 | HousePricePrediction | INFO | Duplicate rows checked successfully
2026-07-16 15:18:00,526 | HousePricePrediction | INFO | Duplicate rows removed successfully
2026-07-16 15:18:00,571 | HousePricePrediction | INFO | Categorical columns encoded successfully.
2026-07-16 15:18:00,575 | HousePricePrediction | INFO | Processed dataset saved successfully at /Users/macbookair/Documents/ml projects for github/house price prediction/data/processed/processed_house_price.csv
2026-07-16 15:18:00,576 | HousePricePrediction | INFO | 
Processed dataset saved to:
/Users/macbookair/Documents/ml projects for github/house price prediction/data/processed/processed_house_price.csv
2026-07-16 15:18:00,578 | HousePricePrediction | INFO | SqFtPerBedroom feature created successfully.
2026-07-16 15:18:00,579 | HousePricePrediction | INFO | BathroomPerBedroom feature created successfuuly.
2026-07-16 15:18:00,582 | HousePricePrediction | INFO | TotalRooms feature created successfully.
2026-07-16 15:18:00,586 | HousePricePrediction | INFO | Features and target created successfully.
2026-07-16 15:18:00,595 | HousePricePrediction | INFO | Train-test split completed successfully.
2026-07-16 15:18:00,613 | HousePricePrediction | INFO | Linear Regression model trained successfully.
2026-07-16 15:18:00,623 | HousePricePrediction | INFO | Linear Regression evaluated successfully.
2026-07-16 15:18:00,632 | HousePricePrediction | INFO | Decision tree regression model trained successfully.
2026-07-16 15:18:00,637 | HousePricePrediction | INFO | Decision Tree evaluated successfully.
2026-07-16 15:18:00,826 | HousePricePrediction | INFO | Random Forest regression model trained successfully.
2026-07-16 15:18:00,847 | HousePricePrediction | INFO | Random Forest Regressor evaluated successfully.
2026-07-16 15:18:00,852 | HousePricePrediction | INFO | KNN model trained successfully.
2026-07-16 15:18:00,861 | HousePricePrediction | INFO | KNN Regression evaluated successfully.
2026-07-16 15:18:00,861 | HousePricePrediction | INFO | Best model selected: Linear Regression
2026-07-16 15:18:00,875 | HousePricePrediction | INFO | Best model saved successfully at /Users/macbookair/Documents/ml projects for github/house price prediction/models/best_model.pkl
2026-07-16 15:18:01,669 | HousePricePrediction | INFO | Actual vs Predicted plot saved at /Users/macbookair/Documents/ml projects for github/house price prediction/outputs/figures/actual_vs_predicted.png
2026-07-16 15:18:02,094 | HousePricePrediction | INFO | Residual plot saved at /Users/macbookair/Documents/ml projects for github/house price prediction/outputs/figures/residual_plot.png
2026-07-16 15:18:02,457 | HousePricePrediction | INFO | Model comparison plot saved at /Users/macbookair/Documents/ml projects for github/house price prediction/outputs/figures/model_comparison.png
2026-07-16 15:18:02,997 | HousePricePrediction | INFO | Feature Importance plot saved at /Users/macbookair/Documents/ml projects for github/house price prediction/outputs/figures/feature_importance.png
2026-07-16 15:18:02,999 | HousePricePrediction | INFO | Best model loaded successfully.
2026-07-16 15:18:02,999 | HousePricePrediction | INFO | Input dataframe created successfully.
2026-07-16 15:18:03,000 | HousePricePrediction | INFO | SqFtPerBedroom feature created successfully.
2026-07-16 15:18:03,001 | HousePricePrediction | INFO | BathroomPerBedroom feature created successfuuly.
2026-07-16 15:18:03,002 | HousePricePrediction | INFO | TotalRooms feature created successfully.
2026-07-16 15:18:03,002 | HousePricePrediction | INFO | Feature Engineering applied successfully.
2026-07-16 15:18:03,007 | HousePricePrediction | INFO | House price predicted successfully.
2026-07-16 15:18:03,008 | HousePricePrediction | INFO | Prediction is done successfully. 
2026-07-16 15:18:03,015 | HousePricePrediction | INFO | Feature engineered dataset saved successfully at /Users/macbookair/Documents/ml projects for github/house price prediction/data/processed/feature_engineered_house_price.csv
